app/build/intermediates/manifest_merge_blame_file/debug/manifest-merger-blame-debug-report.txt
1<?xml version="1.0" encoding="utf-8"?>
2<manifest xmlns:android="http://schemas.android.com/apk/res/android"
3    package="com.example.unibody"
4    android:versionCode="1"
5    android:versionName="1.0" >
6
7    <uses-sdk
8        android:minSdkVersion="21"
8-->src/main/AndroidManifest.xml
9        android:targetSdkVersion="32" />
9-->src/main/AndroidManifest.xml
10
11    <!-- 系统摄像头权限 -->
12    <uses-permission android:name="android.permission.CAMERA" /> <!-- 读取系统文件权限 -->
12-->src/main/AndroidManifest.xml:7:5-65
12-->src/main/AndroidManifest.xml:7:22-62
13    <uses-permission android:name="android.permission.READ_EXTERNAL_STORAGE" />
13-->src/main/AndroidManifest.xml:8:5-80
13-->src/main/AndroidManifest.xml:8:22-77
14    <uses-permission android:name="android.permission.WRITE_EXTERNAL_STORAGE" />
14-->src/main/AndroidManifest.xml:9:5-81
14-->src/main/AndroidManifest.xml:9:22-78
15    <uses-permission android:name="android.permission.ACCESS_FINE_LOCATION" />
15-->src/main/AndroidManifest.xml:10:5-79
15-->src/main/AndroidManifest.xml:10:22-76
16    <uses-permission android:name="android.permission.ACCESS_COARSE_LOCATION" />
16-->src/main/AndroidManifest.xml:11:5-81
16-->src/main/AndroidManifest.xml:11:22-78
17    <uses-permission android:name="android.permission.INTERNET" />
17-->src/main/AndroidManifest.xml:12:5-67
17-->src/main/AndroidManifest.xml:12:22-64
18
19    <!-- Include required permissions for Google Maps API to run. -->
20    <uses-permission android:name="android.permission.ACCESS_NETWORK_STATE" />
20-->[com.google.android.gms:play-services-maps:18.1.0] AndroidManifest.xml:23:5-79
20-->[com.google.android.gms:play-services-maps:18.1.0] AndroidManifest.xml:23:22-76
21
22    <uses-feature
22-->[com.google.android.gms:play-services-maps:18.1.0] AndroidManifest.xml:26:5-28:35
23        android:glEsVersion="0x00020000"
23-->[com.google.android.gms:play-services-maps:18.1.0] AndroidManifest.xml:27:9-41
24        android:required="true" />
24-->[com.google.android.gms:play-services-maps:18.1.0] AndroidManifest.xml:28:9-32
25
26    <queries>
26-->[com.google.android.gms:play-services-maps:18.1.0] AndroidManifest.xml:30:5-34:15
27
28        <!-- Needs to be explicitly declared on Android R+ -->
29        <package android:name="com.google.android.apps.maps" />
29-->[com.google.android.gms:play-services-maps:18.1.0] AndroidManifest.xml:33:9-64
29-->[com.google.android.gms:play-services-maps:18.1.0] AndroidManifest.xml:33:18-61
30    </queries>
31
32    <application
32-->src/main/AndroidManifest.xml:14:5-79:19
33        android:allowBackup="true"
33-->src/main/AndroidManifest.xml:15:9-35
34        android:appComponentFactory="androidx.core.app.CoreComponentFactory"
34-->[androidx.core:core:1.5.0] AndroidManifest.xml:24:18-86
35        android:debuggable="true"
36        android:icon="@mipmap/ic_launcher"
36-->src/main/AndroidManifest.xml:16:9-43
37        android:label="@string/app_name"
37-->src/main/AndroidManifest.xml:17:9-41
38        android:networkSecurityConfig="@xml/network_security_config"
38-->src/main/AndroidManifest.xml:20:9-69
39        android:roundIcon="@mipmap/ic_launcher_round"
39-->src/main/AndroidManifest.xml:18:9-54
40        android:supportsRtl="true"
40-->src/main/AndroidManifest.xml:19:9-35
41        android:testOnly="true"
42        android:theme="@style/Theme.UniBody" >
42-->src/main/AndroidManifest.xml:21:9-45
43        <activity android:name="com.yalantis.ucrop.UCropActivity" />
43-->src/main/AndroidManifest.xml:22:9-68
43-->src/main/AndroidManifest.xml:22:19-66
44
45        <meta-data
46            android:name="com.google.android.geo.API_KEY"
46-->src/main/AndroidManifest.xml:25:13-58
47            android:value="AIzaSyAoy1kacJt6c167IGXazZpVVcKS2NeS2WA" />
47-->src/main/AndroidManifest.xml:26:13-44
48
49        <activity
49-->src/main/AndroidManifest.xml:28:9-30:40
50            android:name="com.example.unibody.finder.fragment.FinderProfileActivity"
50-->src/main/AndroidManifest.xml:29:13-66
51            android:exported="false" />
51-->src/main/AndroidManifest.xml:30:13-37
52        <activity
52-->src/main/AndroidManifest.xml:32:9-40:20
53            android:name="com.example.unibody.WelcomeActivity"
53-->src/main/AndroidManifest.xml:33:13-44
54            android:exported="true" >
54-->src/main/AndroidManifest.xml:34:13-36
55            <intent-filter>
55-->src/main/AndroidManifest.xml:35:13-39:29
56                <action android:name="android.intent.action.MAIN" />
56-->src/main/AndroidManifest.xml:36:17-69
56-->src/main/AndroidManifest.xml:36:25-66
57
58                <category android:name="android.intent.category.LAUNCHER" />
58-->src/main/AndroidManifest.xml:38:17-77
58-->src/main/AndroidManifest.xml:38:27-74
59            </intent-filter>
60        </activity>
61        <activity
61-->src/main/AndroidManifest.xml:42:9-44:40
62            android:name="com.example.unibody.chat.activity.ChatDetailsActivity"
62-->src/main/AndroidManifest.xml:43:13-62
63            android:exported="false" />
63-->src/main/AndroidManifest.xml:44:13-37
64        <activity android:name="com.yalantis.ucrop.UCropActivity" />
64-->src/main/AndroidManifest.xml:22:9-68
64-->src/main/AndroidManifest.xml:22:19-66
65        <activity
65-->src/main/AndroidManifest.xml:47:9-50:20
66            android:name="com.example.unibody.album.ui.PhotoAlbumActivity"
66-->src/main/AndroidManifest.xml:48:13-56
67            android:exported="false" >
67-->src/main/AndroidManifest.xml:49:13-37
68        </activity>
69        <activity
69-->src/main/AndroidManifest.xml:52:9-55:20
70            android:name="com.example.unibody.login.activity.LoginActivity"
70-->src/main/AndroidManifest.xml:52:19-63
71            android:exported="true" >
71-->src/main/AndroidManifest.xml:53:13-36
72        </activity>
73        <activity
73-->src/main/AndroidManifest.xml:56:9-58:40
74            android:name="com.example.unibody.login.activity.PersonInfoGuideActivity"
74-->src/main/AndroidManifest.xml:57:13-67
75            android:exported="false" />
75-->src/main/AndroidManifest.xml:58:13-37
76        <activity
76-->src/main/AndroidManifest.xml:59:9-61:39
77            android:name="com.example.unibody.MainActivity"
77-->src/main/AndroidManifest.xml:60:13-41
78            android:exported="false" />
78-->src/main/AndroidManifest.xml:61:13-37
79        <activity android:name="com.example.unibody.me.fragment.AddMomentActivity" />
79-->src/main/AndroidManifest.xml:62:9-67
79-->src/main/AndroidManifest.xml:62:19-64
80        <activity android:name="com.example.unibody.me.fragment.AlbumsActivity" />
80-->src/main/AndroidManifest.xml:63:9-64
80-->src/main/AndroidManifest.xml:63:19-61
81        <activity android:name="com.example.unibody.me.fragment.MyFriendsActivity" />
81-->src/main/AndroidManifest.xml:64:9-67
81-->src/main/AndroidManifest.xml:64:19-64
82        <activity android:name="com.example.unibody.me.fragment.MyMomentActivity" />
82-->src/main/AndroidManifest.xml:65:9-66
82-->src/main/AndroidManifest.xml:65:19-63
83        <activity android:name="com.example.unibody.me.fragment.PhotoActivity" />
83-->src/main/AndroidManifest.xml:66:9-63
83-->src/main/AndroidManifest.xml:66:19-60
84        <activity android:name="com.example.unibody.me.fragment.UserInfoActivity" />
84-->src/main/AndroidManifest.xml:67:9-66
84-->src/main/AndroidManifest.xml:67:19-63
85
86        <provider
86-->src/main/AndroidManifest.xml:69:9-78:20
87            android:name="androidx.core.content.FileProvider"
87-->src/main/AndroidManifest.xml:70:13-62
88            android:authorities="com.example.unibody.fileprovider"
88-->src/main/AndroidManifest.xml:71:13-67
89            android:exported="false"
89-->src/main/AndroidManifest.xml:72:13-37
90            android:grantUriPermissions="true" >
90-->src/main/AndroidManifest.xml:73:13-47
91            <meta-data
91-->src/main/AndroidManifest.xml:75:13-77:54
92                android:name="android.support.FILE_PROVIDER_PATHS"
92-->src/main/AndroidManifest.xml:76:17-67
93                android:resource="@xml/file_paths" />
93-->src/main/AndroidManifest.xml:77:17-51
94        </provider>
95
96        <service
96-->[androidx.room:room-runtime:2.2.0-alpha01] AndroidManifest.xml:25:9-27:40
97            android:name="androidx.room.MultiInstanceInvalidationService"
97-->[androidx.room:room-runtime:2.2.0-alpha01] AndroidManifest.xml:26:13-74
98            android:exported="false" /> <!-- Needs to be explicitly declared on P+ -->
98-->[androidx.room:room-runtime:2.2.0-alpha01] AndroidManifest.xml:27:13-37
99        <uses-library
99-->[com.google.android.gms:play-services-maps:18.1.0] AndroidManifest.xml:39:9-41:40
100            android:name="org.apache.http.legacy"
100-->[com.google.android.gms:play-services-maps:18.1.0] AndroidManifest.xml:40:13-50
101            android:required="false" />
101-->[com.google.android.gms:play-services-maps:18.1.0] AndroidManifest.xml:41:13-37
102
103        <activity
103-->[com.google.android.gms:play-services-base:18.0.1] AndroidManifest.xml:20:9-22:45
104            android:name="com.google.android.gms.common.api.GoogleApiActivity"
104-->[com.google.android.gms:play-services-base:18.0.1] AndroidManifest.xml:20:19-85
105            android:exported="false"
105-->[com.google.android.gms:play-services-base:18.0.1] AndroidManifest.xml:22:19-43
106            android:theme="@android:style/Theme.Translucent.NoTitleBar" />
106-->[com.google.android.gms:play-services-base:18.0.1] AndroidManifest.xml:21:19-78
107
108        <meta-data
108-->[com.google.android.gms:play-services-basement:18.0.0] AndroidManifest.xml:21:9-23:69
109            android:name="com.google.android.gms.version"
109-->[com.google.android.gms:play-services-basement:18.0.0] AndroidManifest.xml:22:13-58
110            android:value="@integer/google_play_services_version" />
110-->[com.google.android.gms:play-services-basement:18.0.0] AndroidManifest.xml:23:13-66
111    </application>
112
113</manifest>